<?xml version="1.0" encoding="UTF-8"?>
<coverage generated="1755262031844" clover="3.2.0">
  <project timestamp="1755262031844" name="All files">
    <metrics statements="18" coveredstatements="18" conditionals="8" coveredconditionals="7" methods="2" coveredmethods="2" elements="28" coveredelements="27" complexity="0" loc="18" ncloc="18" packages="1" files="1" classes="1"/>
    <file name="rateLimiter.js" path="D:\laragon\www\jmrashed-api-rate-limiter\lib\rateLimiter.js">
      <metrics statements="18" coveredstatements="18" conditionals="8" coveredconditionals="7" methods="2" coveredmethods="2"/>
      <line num="3" count="1" type="stmt"/>
      <line num="4" count="3" type="stmt"/>
      <line num="5" count="3" type="stmt"/>
      <line num="7" count="3" type="stmt"/>
      <line num="8" count="8" type="stmt"/>
      <line num="9" count="8" type="stmt"/>
      <line num="12" count="8" type="cond" truecount="2" falsecount="0"/>
      <line num="13" count="3" type="stmt"/>
      <line num="16" count="8" type="stmt"/>
      <line num="19" count="8" type="cond" truecount="2" falsecount="0"/>
      <line num="20" count="1" type="stmt"/>
      <line num="21" count="1" type="stmt"/>
      <line num="25" count="8" type="cond" truecount="1" falsecount="1"/>
      <line num="27" count="8" type="cond" truecount="2" falsecount="0"/>
      <line num="28" count="7" type="stmt"/>
      <line num="29" count="7" type="stmt"/>
      <line num="32" count="1" type="stmt"/>
      <line num="39" count="1" type="stmt"/>
    </file>
  </project>
</coverage>
