{"D:\\laragon\\www\\jmrashed-api-rate-limiter\\lib\\rateLimiter.js": {"path":"D:\\laragon\\www\\jmrashed-api-rate-limiter\\lib\\rateLimiter.js","statementMap":{"0":{"start":{"line":3,"column":18},"end":{"line":37,"column":1}},"1":{"start":{"line":4,"column":31},"end":{"line":4,"column":38}},"2":{"start":{"line":5,"column":24},"end":{"line":5,"column":33}},"3":{"start":{"line":7,"column":2},"end":{"line":36,"column":4}},"4":{"start":{"line":8,"column":16},"end":{"line":8,"column":22}},"5":{"start":{"line":9,"column":24},"end":{"line":9,"column":34}},"6":{"start":{"line":12,"column":4},"end":{"line":14,"column":5}},"7":{"start":{"line":13,"column":6},"end":{"line":13,"column":67}},"8":{"start":{"line":16,"column":24},"end":{"line":16,"column":46}},"9":{"start":{"line":19,"column":4},"end":{"line":22,"column":5}},"10":{"start":{"line":20,"column":6},"end":{"line":20,"column":28}},"11":{"start":{"line":21,"column":6},"end":{"line":21,"column":42}},"12":{"start":{"line":25,"column":18},"end":{"line":25,"column":54}},"13":{"start":{"line":27,"column":4},"end":{"line":35,"column":5}},"14":{"start":{"line":28,"column":6},"end":{"line":28,"column":29}},"15":{"start":{"line":29,"column":6},"end":{"line":29,"column":13}},"16":{"start":{"line":32,"column":6},"end":{"line":34,"column":9}},"17":{"start":{"line":39,"column":0},"end":{"line":39,"column":27}}},"fnMap":{"0":{"name":"(anonymous_0)","decl":{"start":{"line":3,"column":18},"end":{"line":3,"column":19}},"loc":{"start":{"line":3,"column":31},"end":{"line":37,"column":1}},"line":3},"1":{"name":"(anonymous_1)","decl":{"start":{"line":7,"column":9},"end":{"line":7,"column":10}},"loc":{"start":{"line":7,"column":29},"end":{"line":36,"column":3}},"line":7}},"branchMap":{"0":{"loc":{"start":{"line":12,"column":4},"end":{"line":14,"column":5}},"type":"if","locations":[{"start":{"line":12,"column":4},"end":{"line":14,"column":5}},{"start":{},"end":{}}],"line":12},"1":{"loc":{"start":{"line":19,"column":4},"end":{"line":22,"column":5}},"type":"if","locations":[{"start":{"line":19,"column":4},"end":{"line":22,"column":5}},{"start":{},"end":{}}],"line":19},"2":{"loc":{"start":{"line":25,"column":18},"end":{"line":25,"column":54}},"type":"binary-expr","locations":[{"start":{"line":25,"column":18},"end":{"line":25,"column":36}},{"start":{"line":25,"column":40},"end":{"line":25,"column":54}}],"line":25},"3":{"loc":{"start":{"line":27,"column":4},"end":{"line":35,"column":5}},"type":"if","locations":[{"start":{"line":27,"column":4},"end":{"line":35,"column":5}},{"start":{"line":30,"column":11},"end":{"line":35,"column":5}}],"line":27}},"s":{"0":1,"1":3,"2":3,"3":3,"4":8,"5":8,"6":8,"7":3,"8":8,"9":8,"10":1,"11":1,"12":8,"13":8,"14":7,"15":7,"16":1,"17":1},"f":{"0":3,"1":8},"b":{"0":[3,5],"1":[1,7],"2":[8,0],"3":[7,1]},"_coverageSchema":"1a1c01bbd47fc00a2c39e90264f33305004495a9","hash":"37b4222993483b7f73fac4c7d32f203d717d8de7"}
}
